0 info it worked if it ends with ok
1 verbose cli [ 'C:\\Program Files\\nodejs\\\\node.exe',
1 verbose cli   'C:\\Program Files\\nodejs\\node_modules\\npm\\bin\\npm-cli.js',
1 verbose cli   'install',
1 verbose cli   'sqlite3' ]
2 info using npm@1.4.28
3 info using node@v0.10.35
4 verbose node symlink C:\Program Files\nodejs\\node.exe
5 warn package.json small-chat@0.0.1 No repository field.
6 warn package.json small-chat@0.0.1 No README data
7 verbose readDependencies using package.json deps
8 verbose cache add [ 'sqlite3', null ]
9 verbose cache add name=undefined spec="sqlite3" args=["sqlite3",null]
10 verbose parsed url { protocol: null,
10 verbose parsed url   slashes: null,
10 verbose parsed url   auth: null,
10 verbose parsed url   host: null,
10 verbose parsed url   port: null,
10 verbose parsed url   hostname: null,
10 verbose parsed url   hash: null,
10 verbose parsed url   search: null,
10 verbose parsed url   query: null,
10 verbose parsed url   pathname: 'sqlite3',
10 verbose parsed url   path: 'sqlite3',
10 verbose parsed url   href: 'sqlite3' }
11 silly lockFile b54e393c-sqlite3 sqlite3
12 verbose lock sqlite3 C:\Users\Teranas\AppData\Roaming\npm-cache\b54e393c-sqlite3.lock
13 silly lockFile b54e393c-sqlite3 sqlite3
14 silly lockFile b54e393c-sqlite3 sqlite3
15 verbose addNamed [ 'sqlite3', '' ]
16 verbose addNamed [ null, '*' ]
17 silly lockFile b9879749-sqlite3 sqlite3@
18 verbose lock sqlite3@ C:\Users\Teranas\AppData\Roaming\npm-cache\b9879749-sqlite3.lock
19 silly addNameRange { name: 'sqlite3', range: '*', hasData: false }
20 verbose request where is /sqlite3
21 verbose request registry https://registry.npmjs.org/
22 verbose request id 7eeb908f93357161
23 verbose url raw /sqlite3
24 verbose url resolving [ 'https://registry.npmjs.org/', './sqlite3' ]
25 verbose url resolved https://registry.npmjs.org/sqlite3
26 verbose request where is https://registry.npmjs.org/sqlite3
27 info trying registry request attempt 1 at 09:05:22
28 http GET https://registry.npmjs.org/sqlite3
29 info retry will retry, error on last attempt: Error: tunneling socket could not be established, cause=connect ETIMEDOUT
30 info trying registry request attempt 2 at 09:05:53
31 http GET https://registry.npmjs.org/sqlite3
32 info retry will retry, error on last attempt: Error: tunneling socket could not be established, cause=connect ETIMEDOUT
33 info trying registry request attempt 3 at 09:07:14
34 http GET https://registry.npmjs.org/sqlite3
35 silly lockFile b9879749-sqlite3 sqlite3@
36 silly lockFile b9879749-sqlite3 sqlite3@
37 error network tunneling socket could not be established, cause=connect ETIMEDOUT
37 error network This is most likely not a problem with npm itself
37 error network and is related to network connectivity.
37 error network In most cases you are behind a proxy or have bad network settings.
37 error network
37 error network If you are behind a proxy, please make sure that the
37 error network 'proxy' config is set properly.  See: 'npm help config'
38 error System Windows_NT 6.2.9200
39 error command "C:\\Program Files\\nodejs\\\\node.exe" "C:\\Program Files\\nodejs\\node_modules\\npm\\bin\\npm-cli.js" "install" "sqlite3"
40 error cwd C:\Users\Teranas\Documents\Projekte
41 error node -v v0.10.35
42 error npm -v 1.4.28
43 error code ECONNRESET
44 verbose exit [ 1, true ]
